Change Component Parameter Description in R52 Old=Resistor New=Metal Film Resistors - Through Hole 1/4watt 10Kohms 5% Rated to 1/2watt
Change Component Parameter Description in R61 Old=Resistor New=Metal Film Resistors - Through Hole 1/4watt 10Kohms 5% Rated to 1/2watt
Change Component Parameter Description in R62 Old=Resistor New=Metal Film Resistors - Through Hole 1/4watt 10Kohms 5% Rated to 1/2watt
Added Parameter Brand=Vishay / Dale to Part R52
Added Parameter Brand=Vishay / Dale to Part R54
Added Parameter Brand=Vishay / Dale to Part R58
Added Parameter Brand=Vishay / Dale to Part R61
Added Parameter Brand=Vishay / Dale to Part R62
Added Parameter Category=Metal Film Resistors - Through Hole to Part R52
Added Parameter Category=Metal Film Resistors - Through Hole to Part R54
Added Parameter Category=Metal Film Resistors - Through Hole to Part R58
Added Parameter Category=Metal Film Resistors - Through Hole to Part R61
Added Parameter Category=Metal Film Resistors - Through Hole to Part R62
Added Parameter ComponentLink1Description=http://www.mouser.com/ds/2/427/ccf07-239748.pdf to Part R52
Added Parameter ComponentLink1Description=http://www.mouser.com/ds/2/427/ccf07-239748.pdf to Part R54
Added Parameter ComponentLink1Description=http://www.mouser.com/ds/2/427/ccf07-239748.pdf to Part R61
Added Parameter ComponentLink1Description=http://www.mouser.com/ds/2/427/ccf07-239748.pdf to Part R62
Added Parameter ComponentLink1Description=http://www.mouser.com/ds/2/427/cmfind-239942.pdf to Part R58
Added Parameter ComponentLink1URL=http://www.mouser.com/ds/2/427/ccf07-239748.pdf to Part R52
Added Parameter ComponentLink1URL=http://www.mouser.com/ds/2/427/ccf07-239748.pdf to Part R54
Added Parameter ComponentLink1URL=http://www.mouser.com/ds/2/427/ccf07-239748.pdf to Part R61
Added Parameter ComponentLink1URL=http://www.mouser.com/ds/2/427/ccf07-239748.pdf to Part R62
Added Parameter ComponentLink1URL=http://www.mouser.com/ds/2/427/cmfind-239942.pdf to Part R58
Added Parameter Diameter=2.29 mm to Part R52
Added Parameter Diameter=2.29 mm to Part R54
Added Parameter Diameter=2.29 mm to Part R58
Added Parameter Diameter=2.29 mm to Part R61
Added Parameter Diameter=2.29 mm to Part R62
Added Parameter Lead Diameter=0.6 mm to Part R52
Added Parameter Lead Diameter=0.6 mm to Part R54
Added Parameter Lead Diameter=0.6 mm to Part R61
Added Parameter Lead Diameter=0.6 mm to Part R62
Added Parameter Lead Diameter=0.64 mm to Part R58
Added Parameter Length=6.1 mm to Part R58
Added Parameter Length=6.22 mm to Part R52
Added Parameter Length=6.22 mm to Part R54
Added Parameter Length=6.22 mm to Part R61
Added Parameter Length=6.22 mm to Part R62
Added Parameter Manufacturer=Vishay / Dale to Part R52
Added Parameter Manufacturer=Vishay / Dale to Part R54
Added Parameter Manufacturer=Vishay / Dale to Part R58
Added Parameter Manufacturer=Vishay / Dale to Part R61
Added Parameter Manufacturer=Vishay / Dale to Part R62
Added Parameter Manufacturer Part Number=CCF074K70JKE36 to Part R54
Added Parameter Manufacturer Part Number=CCF0710K0JKE36 to Part R52
Added Parameter Manufacturer Part Number=CCF0710K0JKE36 to Part R61
Added Parameter Manufacturer Part Number=CCF0710K0JKE36 to Part R62
Added Parameter Manufacturer Part Number=CMF55100K00FHEK to Part R58
Added Parameter Minimum Order Quantity=1 to Part R52
Added Parameter Minimum Order Quantity=1 to Part R54
Added Parameter Minimum Order Quantity=1 to Part R58
Added Parameter Minimum Order Quantity=1 to Part R61
Added Parameter Minimum Order Quantity=1 to Part R62
Added Parameter Operating Temperature Range=- 55 C to + 175 C to Part R58
Added Parameter Operating Temperature Range=- 65 C to + 150 C to Part R52
Added Parameter Operating Temperature Range=- 65 C to + 150 C to Part R54
Added Parameter Operating Temperature Range=- 65 C to + 150 C to Part R61
Added Parameter Operating Temperature Range=- 65 C to + 150 C to Part R62
Added Parameter Packaging=Bulk to Part R58
Added Parameter Packaging=Reel to Part R52
Added Parameter Packaging=Reel to Part R54
Added Parameter Packaging=Reel to Part R61
Added Parameter Packaging=Reel to Part R62
Added Parameter Power Rating=250 mW (1/4 W), 500 mW (1/2 W) to Part R52
Added Parameter Power Rating=250 mW (1/4 W), 500 mW (1/2 W) to Part R54
Added Parameter Power Rating=250 mW (1/4 W), 500 mW (1/2 W) to Part R61
Added Parameter Power Rating=250 mW (1/4 W), 500 mW (1/2 W) to Part R62
Added Parameter Power Rating=500 mW (1/2 W) to Part R58
Added Parameter Pricing 1=1=0.100, 100=0.037, 1000=0.033, 2000=0.030, 5000=0.026, 10000=0.020, 25000=0.015, 50000=0.013, 100000=0.012 (USD) to Part R52
Added Parameter Pricing 1=1=0.100, 100=0.037, 1000=0.033, 2000=0.030, 5000=0.026, 10000=0.020, 25000=0.015, 50000=0.013, 100000=0.012 (USD) to Part R61
Added Parameter Pricing 1=1=0.100, 100=0.037, 1000=0.033, 2000=0.030, 5000=0.026, 10000=0.020, 25000=0.015, 50000=0.013, 100000=0.012 (USD) to Part R62
Added Parameter Pricing 1=1=0.100, 100=0.040, 1000=0.030, 2000=0.027, 5000=0.025, 10000=0.022, 25000=0.020, 50000=0.018, 100000=0.016 (USD) to Part R54
Added Parameter Pricing 1=1=0.230, 25=0.181, 100=0.132, 500=0.115, 1000=0.099, 2000=0.092, 5000=0.087, 10000=0.082, 25000=0.072 (USD) to Part R58
Added Parameter Product=Metal Film Resistors - Through Hole to Part R52
Added Parameter Product=Metal Film Resistors - Through Hole to Part R54
Added Parameter Product=Metal Film Resistors - Through Hole to Part R61
Added Parameter Product=Metal Film Resistors - Through Hole to Part R62
Added Parameter Product=Metal Film Resistors Controlled Temp Coefficient to Part R58
Added Parameter Reeling=False to Part R58
Added Parameter Reeling=True to Part R52
Added Parameter Reeling=True to Part R54
Added Parameter Reeling=True to Part R61
Added Parameter Reeling=True to Part R62
Added Parameter Resistance=4.7 kOhms to Part R54
Added Parameter Resistance=10 kOhms to Part R52
Added Parameter Resistance=10 kOhms to Part R61
Added Parameter Resistance=10 kOhms to Part R62
Added Parameter Resistance=100 kOhms to Part R58
Added Parameter RoHS - Mouser=Y to Part R52
Added Parameter RoHS - Mouser=Y to Part R54
Added Parameter RoHS - Mouser=Y to Part R58
Added Parameter RoHS - Mouser=Y to Part R61
Added Parameter RoHS - Mouser=Y to Part R62
Added Parameter RoHS=RoHS Compliant to Part R52
Added Parameter RoHS=RoHS Compliant to Part R54
Added Parameter RoHS=RoHS Compliant to Part R58
Added Parameter RoHS=RoHS Compliant to Part R61
Added Parameter RoHS=RoHS Compliant to Part R62
Added Parameter Series=CCF07 to Part R52
Added Parameter Series=CCF07 to Part R54
Added Parameter Series=CCF07 to Part R61
Added Parameter Series=CCF07 to Part R62
Added Parameter Series=CMF Industrial to Part R58
Added Parameter Standard Pack Qty=100 to Part R58
Added Parameter Standard Pack Qty=5000 to Part R52
Added Parameter Standard Pack Qty=5000 to Part R54
Added Parameter Standard Pack Qty=5000 to Part R61
Added Parameter Standard Pack Qty=5000 to Part R62
Added Parameter Stock 1=4041 to Part R58
Added Parameter Stock 1=32326 to Part R54
Added Parameter Stock 1=48658 to Part R52
Added Parameter Stock 1=48658 to Part R61
Added Parameter Stock 1=48658 to Part R62
Added Parameter Supplier 1=Mouser to Part R52
Added Parameter Supplier 1=Mouser to Part R54
Added Parameter Supplier 1=Mouser to Part R58
Added Parameter Supplier 1=Mouser to Part R61
Added Parameter Supplier 1=Mouser to Part R62
Added Parameter Supplier Part Number 1=71-CCF07-J-4.7K-E3 to Part R54
Added Parameter Supplier Part Number 1=71-CCF0710K0JKE36 to Part R52
Added Parameter Supplier Part Number 1=71-CCF0710K0JKE36 to Part R61
Added Parameter Supplier Part Number 1=71-CCF0710K0JKE36 to Part R62
Added Parameter Supplier Part Number 1=71-CMF55100K00FHEK to Part R58
Added Parameter Temperature Coefficient=50 PPM / C to Part R58
Added Parameter Temperature Coefficient=100 PPM / K to Part R52
Added Parameter Temperature Coefficient=100 PPM / K to Part R54
Added Parameter Temperature Coefficient=100 PPM / K to Part R61
Added Parameter Temperature Coefficient=100 PPM / K to Part R62
Added Parameter Termination Style=Axial to Part R52
Added Parameter Termination Style=Axial to Part R54
Added Parameter Termination Style=Axial to Part R58
Added Parameter Termination Style=Axial to Part R61
Added Parameter Termination Style=Axial to Part R62
Added Parameter Tolerance=1 % to Part R58
Added Parameter Tolerance=5 % to Part R52
Added Parameter Tolerance=5 % to Part R54
Added Parameter Tolerance=5 % to Part R61
Added Parameter Tolerance=5 % to Part R62
Added Parameter Type=Metal Film Resistors, Industrial, Precision to Part R58
Added Parameter Type=Metal Film Resistors, Industrial to Part R52
Added Parameter Type=Metal Film Resistors, Industrial to Part R54
Added Parameter Type=Metal Film Resistors, Industrial to Part R61
Added Parameter Type=Metal Film Resistors, Industrial to Part R62
Added Parameter Voltage Rating=250 V to Part R52
Added Parameter Voltage Rating=250 V to Part R54
Added Parameter Voltage Rating=250 V to Part R58
Added Parameter Voltage Rating=250 V to Part R61
Added Parameter Voltage Rating=250 V to Part R62
