Added Parameter Brand=Panasonic to Part C25
Added Parameter Brand=Panasonic to Part C99
Added Parameter Capacitance=10 uF to Part C25
Added Parameter Capacitance=10 uF to Part C99
Added Parameter Category=Aluminum Electrolytic Capacitors - Leaded to Part C25
Added Parameter Category=Aluminum Electrolytic Capacitors - Leaded to Part C99
Added Parameter ComponentLink1Description=http://www.mouser.com/ds/2/315/ABA0000C1047-947484.pdf to Part C25
Added Parameter ComponentLink1Description=http://www.mouser.com/ds/2/315/ABA0000C1047-947484.pdf to Part C99
Added Parameter ComponentLink1URL=http://www.mouser.com/ds/2/315/ABA0000C1047-947484.pdf to Part C25
Added Parameter ComponentLink1URL=http://www.mouser.com/ds/2/315/ABA0000C1047-947484.pdf to Part C99
Added Parameter Diameter=5 mm to Part C25
Added Parameter Diameter=5 mm to Part C99
Added Parameter Lead Spacing=2 mm to Part C25
Added Parameter Lead Spacing=2 mm to Part C99
Added Parameter Lead Style=Straight to Part C25
Added Parameter Lead Style=Straight to Part C99
Added Parameter Length=11 mm to Part C25
Added Parameter Length=11 mm to Part C99
Added Parameter Life=2000 Hour to Part C25
Added Parameter Life=2000 Hour to Part C99
Added Parameter Manufacturer=Panasonic to Part C25
Added Parameter Manufacturer=Panasonic to Part C99
Added Parameter Manufacturer Part Number=ECA-1VM100 to Part C25
Added Parameter Manufacturer Part Number=ECA-1VM100 to Part C99
Added Parameter Maximum Operating Temperature=+ 85 C to Part C25
Added Parameter Maximum Operating Temperature=+ 85 C to Part C99
Added Parameter Minimum Operating Temperature=- 40 C to Part C25
Added Parameter Minimum Operating Temperature=- 40 C to Part C99
Added Parameter Minimum Order Quantity=1 to Part C25
Added Parameter Minimum Order Quantity=1 to Part C99
Added Parameter Package / Case=Radial, Can to Part C25
Added Parameter Package / Case=Radial, Can to Part C99
Added Parameter Packaging=Bulk to Part C25
Added Parameter Packaging=Bulk to Part C99
Added Parameter Pricing 1=1=0.200, 10=0.080, 100=0.055, 500=0.046, 1000=0.041, 2500=0.039, 10000=0.030, 25000=0.028, 50000=0.025 (USD) to Part C25
Added Parameter Pricing 1=1=0.200, 10=0.080, 100=0.055, 500=0.046, 1000=0.041, 2500=0.039, 10000=0.030, 25000=0.028, 50000=0.025 (USD) to Part C99
Added Parameter Product=General Purpose Electrolytic Capacitors to Part C25
Added Parameter Product=General Purpose Electrolytic Capacitors to Part C99
Added Parameter Reeling=False to Part C25
Added Parameter Reeling=False to Part C99
Added Parameter Ripple Current=60 mA to Part C25
Added Parameter Ripple Current=60 mA to Part C99
Added Parameter RoHS - Mouser=Y to Part C25
Added Parameter RoHS - Mouser=Y to Part C99
Added Parameter RoHS=RoHS Compliant to Part C25
Added Parameter RoHS=RoHS Compliant to Part C99
Added Parameter Series=M to Part C25
Added Parameter Series=M to Part C99
Added Parameter Standard Pack Qty=200 to Part C25
Added Parameter Standard Pack Qty=200 to Part C99
Added Parameter Stock 1=30530 to Part C25
Added Parameter Stock 1=30530 to Part C99
Added Parameter Supplier 1=Mouser to Part C25
Added Parameter Supplier 1=Mouser to Part C99
Added Parameter Supplier Part Number 1=667-ECA-1VM100 to Part C25
Added Parameter Supplier Part Number 1=667-ECA-1VM100 to Part C99
Added Parameter Termination Style=Radial to Part C25
Added Parameter Termination Style=Radial to Part C99
Added Parameter Tolerance=20 % to Part C25
Added Parameter Tolerance=20 % to Part C99
Added Parameter Type=Radial Lead Type to Part C25
Added Parameter Type=Radial Lead Type to Part C99
Added Parameter Voltage Rating DC=35 VDC to Part C25
Added Parameter Voltage Rating DC=35 VDC to Part C99
