Removed Pin From Net: NetName=BN Pin=Q2-1
Removed Pin From Net: NetName=BN Pin=Q5-2
Removed Pin From Net: NetName=BN Pin=Q6-3
Removed Pin From Net: NetName=BN Pin=Q?-3
Removed Pin From Net: NetName=BP Pin=R8-2
Removed Pin From Net: NetName=BP Pin=R9-2
Removed Pin From Net: NetName=BP Pin=R15-2
Removed Member From Class: ClassName=AD Generator Member=Q?
Added Component: Designator=Q10(SOT-23B_N)
Add component. Clean all parameters for all variants
Add component (AddParameter): Name = "LatestRevisionDate"; Value = "29-May-2009"; VariantName = "[No Variations]"
Add component (AddParameter): Name = "LatestRevisionNote"; Value = "IPC-7351 Footprint Added."; VariantName = "[No Variations]"
Add component (AddParameter): Name = "PackageDescription"; Value = "3-Pin SOT-23 Package 0.95 mm Pitch, 2.4 mm Lead Span"; VariantName = "[No Variations]"
Add component (AddParameter): Name = "PackageReference"; Value = "SOT-23B"; VariantName = "[No Variations]"
Add component (AddParameter): Name = "PackageVersion"; Value = "Aug-1999"; VariantName = "[No Variations]"
Add component (AddParameter): Name = "Published"; Value = "8-Jun-2000"; VariantName = "[No Variations]"
Add component (AddParameter): Name = "Publisher"; Value = "Altium Limited"; VariantName = "[No Variations]"
Added Pin To Net: NetName=BN Pin=Q10-1
Added Pin To Net: NetName=NetQ10_2 Pin=Q10-2
Added Pin To Net: NetName=NetQ10_2 Pin=R62-2
Added Net: Name=NetQ10_2
Added Pin To Net: NetName=NetQ10_3 Pin=Q10-3
Added Pin To Net: NetName=NetQ10_3 Pin=R99-2
Added Pin To Net: NetName=NetQ10_3 Pin=Repeat-1
Added Net: Name=NetQ10_3
Added Pin To Net: NetName=NetS4_1 Pin=S4-1
Added Net: Name=NetS4_1
Added Member To Class: ClassName=AD Generator Member=Component Q10 2N3906
