Removed Pin From Net: NetName=BN Pin=U1-4
Removed Pin From Net: NetName=BP Pin=U1-11
Removed Pin From Net: NetName=NetD1_1 Pin=U1-B-1
Removed Pin From Net: NetName=NetC6_1 Pin=U1-B-2
Removed Pin From Net: NetName=NetR7_1 Pin=U1-B-3
Removed Pin From Net: NetName=BP Pin=U1-B-4
Removed Pin From Net: NetName=BN Pin=U1-B-11
Removed Pin From Net: NetName=NetQ3_2 Pin=U1-C-1
Removed Pin From Net: NetName=NetR2_2 Pin=U1-C-2
Removed Pin From Net: NetName=NetC4_1 Pin=U1-C-3
Removed Pin From Net: NetName=BP Pin=U1-C-4
Removed Pin From Net: NetName=BN Pin=U1-C-11
Removed Pin From Net: NetName=NetC1_2 Pin=U1-D-1
Removed Pin From Net: NetName=NetC1_1 Pin=U1-D-2
Removed Pin From Net: NetName=NetC4_1 Pin=U1-D-3
Removed Pin From Net: NetName=BP Pin=U1-D-4
Removed Pin From Net: NetName=BN Pin=U1-D-11
Removed Pin From Net: NetName=BN Pin=U2-4
Removed Pin From Net: NetName=BP Pin=U2-11
Removed Pin From Net: NetName=NetR31_1 Pin=U2-B-1
Removed Pin From Net: NetName=NetR26_2 Pin=U2-B-2
Removed Pin From Net: NetName=NetC11_1 Pin=U2-B-3
Removed Pin From Net: NetName=BP Pin=U2-B-4
Removed Pin From Net: NetName=BN Pin=U2-B-11
Removed Pin From Net: NetName=NetC17_1 Pin=U2-C-1
Removed Pin From Net: NetName=NetC16_1 Pin=U2-C-2
Removed Pin From Net: NetName=NetR55_2 Pin=U2-C-3
Removed Pin From Net: NetName=BP Pin=U2-C-4
Removed Pin From Net: NetName=BN Pin=U2-C-11
Removed Pin From Net: NetName=NetR58_2 Pin=U2-D-1
Removed Pin From Net: NetName=NetQ9_3 Pin=U2-D-2
Removed Pin From Net: NetName=NetR58_1 Pin=U2-D-3
Removed Pin From Net: NetName=BP Pin=U2-D-4
Removed Pin From Net: NetName=BN Pin=U2-D-11
Change Component Footprint: Designator=U1 Old Footprint=N14A New Footprint=J14A
Change Component Footprint: Designator=U2 Old Footprint=N14A New Footprint=J14A
Change Component Comment : Designator=U1 Old Comment=LM324N New Comment=LM324J
Change Component Comment : Designator=U2 Old Comment=LM324N New Comment=LM324J
Added Pin To Net: NetName=BP Pin=U1-4
Added Pin To Net: NetName=NetR7_1 Pin=U1-5
Added Pin To Net: NetName=NetC6_1 Pin=U1-6
Added Pin To Net: NetName=NetD1_1 Pin=U1-7
Added Pin To Net: NetName=NetQ3_2 Pin=U1-8
Added Pin To Net: NetName=NetR2_2 Pin=U1-9
Added Pin To Net: NetName=NetC4_1 Pin=U1-10
Added Pin To Net: NetName=BN Pin=U1-11
Added Pin To Net: NetName=NetC4_1 Pin=U1-12
Added Pin To Net: NetName=NetC1_1 Pin=U1-13
Added Pin To Net: NetName=NetC1_2 Pin=U1-14
Added Pin To Net: NetName=BP Pin=U2-4
Added Pin To Net: NetName=NetR26_2 Pin=U2-5
Added Pin To Net: NetName=NetC11_1 Pin=U2-6
Added Pin To Net: NetName=NetR31_1 Pin=U2-7
Added Pin To Net: NetName=NetC17_1 Pin=U2-8
Added Pin To Net: NetName=NetC16_1 Pin=U2-9
Added Pin To Net: NetName=NetR55_2 Pin=U2-10
Added Pin To Net: NetName=BN Pin=U2-11
Added Pin To Net: NetName=NetR58_1 Pin=U2-12
Added Pin To Net: NetName=NetQ9_3 Pin=U2-13
Added Pin To Net: NetName=NetR58_2 Pin=U2-14
