Change Component DesignItemId : Designator=C16 Old DesignItemId=Cap2 New DesignItemId=Cap Pol1
Change Component DesignItemId : Designator=C17 Old DesignItemId=Cap2 New DesignItemId=Cap Pol1
Change Component DesignItemId : Designator=C18 Old DesignItemId=Cap2 New DesignItemId=Cap Pol1
Change Component DesignItemId : Designator=C19 Old DesignItemId=Cap2 New DesignItemId=Cap Pol1
Change Component DesignItemId : Designator=C20 Old DesignItemId=Cap2 New DesignItemId=Cap Pol1
Change Component DesignItemId : Designator=C22 Old DesignItemId=Cap2 New DesignItemId=Cap Pol1
Change Component DesignItemId : Designator=C24 Old DesignItemId=Cap2 New DesignItemId=Cap Pol1
Change Component DesignItemId : Designator=C25 Old DesignItemId=Cap2 New DesignItemId=Cap Pol1
Change Component DesignItemId : Designator=C26 Old DesignItemId=Cap2 New DesignItemId=Cap Pol1
Change Component DesignItemId : Designator=C99 Old DesignItemId=Cap2 New DesignItemId=Cap Pol1
Change Component DesignItemId : Designator=C2 Old DesignItemId=Cap Pol3 New DesignItemId=Cap Pol1
Change Component DesignItemId : Designator=C4 Old DesignItemId=Cap Pol3 New DesignItemId=Cap Pol1
Change Component DesignItemId : Designator=C5 Old DesignItemId=Cap Pol3 New DesignItemId=Cap Pol1
Change Component DesignItemId : Designator=C6 Old DesignItemId=Cap Pol3 New DesignItemId=Cap Pol1
Change Component DesignItemId : Designator=C7 Old DesignItemId=Cap Pol3 New DesignItemId=Cap Pol1
Change Component DesignItemId : Designator=C8 Old DesignItemId=Cap Pol3 New DesignItemId=Cap Pol1
Change Component DesignItemId : Designator=C9 Old DesignItemId=Cap Pol3 New DesignItemId=Cap Pol1
Change Component DesignItemId : Designator=C10 Old DesignItemId=Cap Pol3 New DesignItemId=Cap Pol1
Change Component DesignItemId : Designator=C11 Old DesignItemId=Cap Pol3 New DesignItemId=Cap Pol1
Change Component DesignItemId : Designator=C12 Old DesignItemId=Cap Pol3 New DesignItemId=Cap Pol1
Change Component Footprint: Designator=C2 Old Footprint=C0805 New Footprint=RB7.6-15
Change Component Footprint: Designator=C4 Old Footprint=C0805 New Footprint=RB7.6-15
Change Component Footprint: Designator=C5 Old Footprint=C0805 New Footprint=RB7.6-15
Change Component Footprint: Designator=C6 Old Footprint=C0805 New Footprint=RB7.6-15
Change Component Footprint: Designator=C7 Old Footprint=C0805 New Footprint=RB7.6-15
Change Component Footprint: Designator=C8 Old Footprint=C0805 New Footprint=RB7.6-15
Change Component Footprint: Designator=C9 Old Footprint=C0805 New Footprint=RB7.6-15
Change Component Footprint: Designator=C10 Old Footprint=C0805 New Footprint=RB7.6-15
Change Component Footprint: Designator=C11 Old Footprint=C0805 New Footprint=RB7.6-15
Change Component Footprint: Designator=C12 Old Footprint=C0805 New Footprint=RB7.6-15
Change Component Footprint: Designator=C16 Old Footprint=CAPR5-4X5 New Footprint=RB7.6-15
Change Component Footprint: Designator=C17 Old Footprint=CAPR5-4X5 New Footprint=RB7.6-15
Change Component Footprint: Designator=C18 Old Footprint=CAPR5-4X5 New Footprint=RB7.6-15
Change Component Footprint: Designator=C19 Old Footprint=CAPR5-4X5 New Footprint=RB7.6-15
Change Component Footprint: Designator=C20 Old Footprint=CAPR5-4X5 New Footprint=RB7.6-15
Change Component Footprint: Designator=C22 Old Footprint=CAPR5-4X5 New Footprint=RB7.6-15
Change Component Footprint: Designator=C24 Old Footprint=CAPR5-4X5 New Footprint=RB7.6-15
Change Component Footprint: Designator=C25 Old Footprint=CAPR5-4X5 New Footprint=RB7.6-15
Change Component Footprint: Designator=C26 Old Footprint=CAPR5-4X5 New Footprint=RB7.6-15
Change Component Footprint: Designator=C99 Old Footprint=CAPR5-4X5 New Footprint=RB7.6-15
Change Component Comment : Designator=C16 Old Comment=Cap2 New Comment=
Change Component Comment : Designator=C18 Old Comment=Cap2 New Comment=
Change Component Comment : Designator=C19 Old Comment=Cap2 New Comment=
Change Component Comment : Designator=C20 Old Comment=Cap2 New Comment=
Change Component Comment : Designator=C22 Old Comment=Cap2 New Comment=
Change Component Comment : Designator=C24 Old Comment=Cap2 New Comment=
Change Component Comment : Designator=C25 Old Comment=Cap2 New Comment=
Change Component Comment : Designator=C26 Old Comment=Cap2 New Comment=
Change Component Comment : Designator=C99 Old Comment=Cap2 New Comment=
Change Component Comment : Designator=C2 Old Comment=Cap Pol3 New Comment=
Change Component Comment : Designator=C4 Old Comment=Cap Pol3 New Comment=
Change Component Comment : Designator=C5 Old Comment=Cap Pol3 New Comment=
Change Component Comment : Designator=C6 Old Comment=Cap Pol3 New Comment=
Change Component Comment : Designator=C7 Old Comment=Cap Pol3 New Comment=
Change Component Comment : Designator=C8 Old Comment=Cap Pol3 New Comment=
Change Component Comment : Designator=C9 Old Comment=Cap Pol3 New Comment=
Change Component Comment : Designator=C10 Old Comment=Cap Pol3 New Comment=
Change Component Comment : Designator=C11 Old Comment=Cap Pol3 New Comment=
Change Component Comment : Designator=C12 Old Comment=Cap Pol3 New Comment=
Change Component Comment : Designator=C17 Old Comment=Non polarised New Comment=
Change Component Description : Designator=C16 Old Description=Capacitor New Description=Polarized Capacitor (Radial)
Change Component Description : Designator=C17 Old Description=Capacitor New Description=Polarized Capacitor (Radial)
Change Component Description : Designator=C18 Old Description=Capacitor New Description=Polarized Capacitor (Radial)
Change Component Description : Designator=C19 Old Description=Capacitor New Description=Polarized Capacitor (Radial)
Change Component Description : Designator=C20 Old Description=Capacitor New Description=Polarized Capacitor (Radial)
Change Component Description : Designator=C22 Old Description=Capacitor New Description=Polarized Capacitor (Radial)
Change Component Description : Designator=C24 Old Description=Capacitor New Description=Polarized Capacitor (Radial)
Change Component Description : Designator=C25 Old Description=Capacitor New Description=Polarized Capacitor (Radial)
Change Component Description : Designator=C26 Old Description=Capacitor New Description=Polarized Capacitor (Radial)
Change Component Description : Designator=C99 Old Description=Capacitor New Description=Polarized Capacitor (Radial)
Change Component Description : Designator=C2 Old Description=Polarized Capacitor (Surface Mount) New Description=Polarized Capacitor (Radial)
Change Component Description : Designator=C4 Old Description=Polarized Capacitor (Surface Mount) New Description=Polarized Capacitor (Radial)
Change Component Description : Designator=C5 Old Description=Polarized Capacitor (Surface Mount) New Description=Polarized Capacitor (Radial)
Change Component Description : Designator=C6 Old Description=Polarized Capacitor (Surface Mount) New Description=Polarized Capacitor (Radial)
Change Component Description : Designator=C7 Old Description=Polarized Capacitor (Surface Mount) New Description=Polarized Capacitor (Radial)
Change Component Description : Designator=C8 Old Description=Polarized Capacitor (Surface Mount) New Description=Polarized Capacitor (Radial)
Change Component Description : Designator=C9 Old Description=Polarized Capacitor (Surface Mount) New Description=Polarized Capacitor (Radial)
Change Component Description : Designator=C10 Old Description=Polarized Capacitor (Surface Mount) New Description=Polarized Capacitor (Radial)
Change Component Description : Designator=C11 Old Description=Polarized Capacitor (Surface Mount) New Description=Polarized Capacitor (Radial)
Change Component Description : Designator=C12 Old Description=Polarized Capacitor (Surface Mount) New Description=Polarized Capacitor (Radial)
Change component parameters: Designator = "C2"; Footprint = "RB7.6-15"; UniqueID = "\DYRTWNSC\RHDSVILW"
Change component parameters. Clean all parameters for all variants
Change component parameters (AddParameter): Name = "LatestRevisionDate"; Value = "17-Jul-2002"; VariantName = "[No Variations]"
Change component parameters (AddParameter): Name = "LatestRevisionNote"; Value = "Re-released for DXP Platform."; VariantName = "[No Variations]"
Change component parameters (AddParameter): Name = "PackageDescription"; Value = "Polarized Capacitor (Radial); 2 Leads"; VariantName = "[No Variations]"
Change component parameters (AddParameter): Name = "PackageReference"; Value = "RB7.6-15"; VariantName = "[No Variations]"
Change component parameters (AddParameter): Name = "Published"; Value = "8-Jun-2000"; VariantName = "[No Variations]"
Change component parameters (AddParameter): Name = "Publisher"; Value = "Altium Limited"; VariantName = "[No Variations]"
Change component parameters (AddParameter): Name = "Value"; Value = "100pF"; VariantName = "[No Variations]"
Change component parameters: Designator = "C4"; Footprint = "RB7.6-15"; UniqueID = "\DYRTWNSC\LJSMAOKX"
Change component parameters. Clean all parameters for all variants
Change component parameters (AddParameter): Name = "LatestRevisionDate"; Value = "17-Jul-2002"; VariantName = "[No Variations]"
Change component parameters (AddParameter): Name = "LatestRevisionNote"; Value = "Re-released for DXP Platform."; VariantName = "[No Variations]"
Change component parameters (AddParameter): Name = "PackageDescription"; Value = "Polarized Capacitor (Radial); 2 Leads"; VariantName = "[No Variations]"
Change component parameters (AddParameter): Name = "PackageReference"; Value = "RB7.6-15"; VariantName = "[No Variations]"
Change component parameters (AddParameter): Name = "Published"; Value = "8-Jun-2000"; VariantName = "[No Variations]"
Change component parameters (AddParameter): Name = "Publisher"; Value = "Altium Limited"; VariantName = "[No Variations]"
Change component parameters (AddParameter): Name = "Value"; Value = "100pF"; VariantName = "[No Variations]"
Change component parameters: Designator = "C5"; Footprint = "RB7.6-15"; UniqueID = "\DYRTWNSC\MFWKGUDW"
Change component parameters. Clean all parameters for all variants
Change component parameters (AddParameter): Name = "LatestRevisionDate"; Value = "17-Jul-2002"; VariantName = "[No Variations]"
Change component parameters (AddParameter): Name = "LatestRevisionNote"; Value = "Re-released for DXP Platform."; VariantName = "[No Variations]"
Change component parameters (AddParameter): Name = "PackageDescription"; Value = "Polarized Capacitor (Radial); 2 Leads"; VariantName = "[No Variations]"
Change component parameters (AddParameter): Name = "PackageReference"; Value = "RB7.6-15"; VariantName = "[No Variations]"
Change component parameters (AddParameter): Name = "Published"; Value = "8-Jun-2000"; VariantName = "[No Variations]"
Change component parameters (AddParameter): Name = "Publisher"; Value = "Altium Limited"; VariantName = "[No Variations]"
Change component parameters (AddParameter): Name = "Value"; Value = "100pF"; VariantName = "[No Variations]"
Change component parameters: Designator = "C6"; Footprint = "RB7.6-15"; UniqueID = "\DYRTWNSC\YGWFYFBD"
Change component parameters. Clean all parameters for all variants
Change component parameters (AddParameter): Name = "LatestRevisionDate"; Value = "17-Jul-2002"; VariantName = "[No Variations]"
Change component parameters (AddParameter): Name = "LatestRevisionNote"; Value = "Re-released for DXP Platform."; VariantName = "[No Variations]"
Change component parameters (AddParameter): Name = "PackageDescription"; Value = "Polarized Capacitor (Radial); 2 Leads"; VariantName = "[No Variations]"
Change component parameters (AddParameter): Name = "PackageReference"; Value = "RB7.6-15"; VariantName = "[No Variations]"
Change component parameters (AddParameter): Name = "Published"; Value = "8-Jun-2000"; VariantName = "[No Variations]"
Change component parameters (AddParameter): Name = "Publisher"; Value = "Altium Limited"; VariantName = "[No Variations]"
Change component parameters (AddParameter): Name = "Value"; Value = "100pF"; VariantName = "[No Variations]"
Change component parameters: Designator = "C7"; Footprint = "RB7.6-15"; UniqueID = "\USSMNJJV\THJIBGKU"
Change component parameters. Clean all parameters for all variants
Change component parameters (AddParameter): Name = "LatestRevisionDate"; Value = "17-Jul-2002"; VariantName = "[No Variations]"
Change component parameters (AddParameter): Name = "LatestRevisionNote"; Value = "Re-released for DXP Platform."; VariantName = "[No Variations]"
Change component parameters (AddParameter): Name = "PackageDescription"; Value = "Polarized Capacitor (Radial); 2 Leads"; VariantName = "[No Variations]"
Change component parameters (AddParameter): Name = "PackageReference"; Value = "RB7.6-15"; VariantName = "[No Variations]"
Change component parameters (AddParameter): Name = "Published"; Value = "8-Jun-2000"; VariantName = "[No Variations]"
Change component parameters (AddParameter): Name = "Publisher"; Value = "Altium Limited"; VariantName = "[No Variations]"
Change component parameters (AddParameter): Name = "Value"; Value = "100pF"; VariantName = "[No Variations]"
Change component parameters: Designator = "C8"; Footprint = "RB7.6-15"; UniqueID = "\HWUDGJLU\BBXSCEDV"
Change component parameters. Clean all parameters for all variants
Change component parameters (AddParameter): Name = "LatestRevisionDate"; Value = "17-Jul-2002"; VariantName = "[No Variations]"
Change component parameters (AddParameter): Name = "LatestRevisionNote"; Value = "Re-released for DXP Platform."; VariantName = "[No Variations]"
Change component parameters (AddParameter): Name = "PackageDescription"; Value = "Polarized Capacitor (Radial); 2 Leads"; VariantName = "[No Variations]"
Change component parameters (AddParameter): Name = "PackageReference"; Value = "RB7.6-15"; VariantName = "[No Variations]"
Change component parameters (AddParameter): Name = "Published"; Value = "8-Jun-2000"; VariantName = "[No Variations]"
Change component parameters (AddParameter): Name = "Publisher"; Value = "Altium Limited"; VariantName = "[No Variations]"
Change component parameters (AddParameter): Name = "Value"; Value = "100pF"; VariantName = "[No Variations]"
Change component parameters: Designator = "C9"; Footprint = "RB7.6-15"; UniqueID = "\HWUDGJLU\KJMSBVYR"
Change component parameters. Clean all parameters for all variants
Change component parameters (AddParameter): Name = "LatestRevisionDate"; Value = "17-Jul-2002"; VariantName = "[No Variations]"
Change component parameters (AddParameter): Name = "LatestRevisionNote"; Value = "Re-released for DXP Platform."; VariantName = "[No Variations]"
Change component parameters (AddParameter): Name = "PackageDescription"; Value = "Polarized Capacitor (Radial); 2 Leads"; VariantName = "[No Variations]"
Change component parameters (AddParameter): Name = "PackageReference"; Value = "RB7.6-15"; VariantName = "[No Variations]"
Change component parameters (AddParameter): Name = "Published"; Value = "8-Jun-2000"; VariantName = "[No Variations]"
Change component parameters (AddParameter): Name = "Publisher"; Value = "Altium Limited"; VariantName = "[No Variations]"
Change component parameters (AddParameter): Name = "Value"; Value = "100pF"; VariantName = "[No Variations]"
Change component parameters: Designator = "C10"; Footprint = "RB7.6-15"; UniqueID = "\HWUDGJLU\RFNUKLVO"
Change component parameters. Clean all parameters for all variants
Change component parameters (AddParameter): Name = "LatestRevisionDate"; Value = "17-Jul-2002"; VariantName = "[No Variations]"
Change component parameters (AddParameter): Name = "LatestRevisionNote"; Value = "Re-released for DXP Platform."; VariantName = "[No Variations]"
Change component parameters (AddParameter): Name = "PackageDescription"; Value = "Polarized Capacitor (Radial); 2 Leads"; VariantName = "[No Variations]"
Change component parameters (AddParameter): Name = "PackageReference"; Value = "RB7.6-15"; VariantName = "[No Variations]"
Change component parameters (AddParameter): Name = "Published"; Value = "8-Jun-2000"; VariantName = "[No Variations]"
Change component parameters (AddParameter): Name = "Publisher"; Value = "Altium Limited"; VariantName = "[No Variations]"
Change component parameters (AddParameter): Name = "Value"; Value = "100pF"; VariantName = "[No Variations]"
Change component parameters: Designator = "C11"; Footprint = "RB7.6-15"; UniqueID = "\DYRTWNSC\MCPXFXRN"
Change component parameters. Clean all parameters for all variants
Change component parameters (AddParameter): Name = "LatestRevisionDate"; Value = "17-Jul-2002"; VariantName = "[No Variations]"
Change component parameters (AddParameter): Name = "LatestRevisionNote"; Value = "Re-released for DXP Platform."; VariantName = "[No Variations]"
Change component parameters (AddParameter): Name = "PackageDescription"; Value = "Polarized Capacitor (Radial); 2 Leads"; VariantName = "[No Variations]"
Change component parameters (AddParameter): Name = "PackageReference"; Value = "RB7.6-15"; VariantName = "[No Variations]"
Change component parameters (AddParameter): Name = "Published"; Value = "8-Jun-2000"; VariantName = "[No Variations]"
Change component parameters (AddParameter): Name = "Publisher"; Value = "Altium Limited"; VariantName = "[No Variations]"
Change component parameters (AddParameter): Name = "Value"; Value = "100pF"; VariantName = "[No Variations]"
Change component parameters: Designator = "C12"; Footprint = "RB7.6-15"; UniqueID = "\HWUDGJLU\CBLXMFHL"
Change component parameters. Clean all parameters for all variants
Change component parameters (AddParameter): Name = "LatestRevisionDate"; Value = "17-Jul-2002"; VariantName = "[No Variations]"
Change component parameters (AddParameter): Name = "LatestRevisionNote"; Value = "Re-released for DXP Platform."; VariantName = "[No Variations]"
Change component parameters (AddParameter): Name = "PackageDescription"; Value = "Polarized Capacitor (Radial); 2 Leads"; VariantName = "[No Variations]"
Change component parameters (AddParameter): Name = "PackageReference"; Value = "RB7.6-15"; VariantName = "[No Variations]"
Change component parameters (AddParameter): Name = "Published"; Value = "8-Jun-2000"; VariantName = "[No Variations]"
Change component parameters (AddParameter): Name = "Publisher"; Value = "Altium Limited"; VariantName = "[No Variations]"
Change component parameters (AddParameter): Name = "Value"; Value = "100pF"; VariantName = "[No Variations]"
Change component parameters: Designator = "C16"; Footprint = "RB7.6-15"; UniqueID = "\VTJWKLXE\IDKMEWYH"
Change component parameters. Clean all parameters for all variants
Change component parameters (AddParameter): Name = "LatestRevisionDate"; Value = "17-Jul-2002"; VariantName = "[No Variations]"
Change component parameters (AddParameter): Name = "LatestRevisionNote"; Value = "Re-released for DXP Platform."; VariantName = "[No Variations]"
Change component parameters (AddParameter): Name = "PackageDescription"; Value = "Polarized Capacitor (Radial); 2 Leads"; VariantName = "[No Variations]"
Change component parameters (AddParameter): Name = "PackageReference"; Value = "RB7.6-15"; VariantName = "[No Variations]"
Change component parameters (AddParameter): Name = "Published"; Value = "8-Jun-2000"; VariantName = "[No Variations]"
Change component parameters (AddParameter): Name = "Publisher"; Value = "Altium Limited"; VariantName = "[No Variations]"
Change component parameters (AddParameter): Name = "Value"; Value = "100pF"; VariantName = "[No Variations]"
Change component parameters: Designator = "C17"; Footprint = "RB7.6-15"; UniqueID = "\VTJWKLXE\YFQWLFHO"
Change component parameters. Clean all parameters for all variants
Change component parameters (AddParameter): Name = "LatestRevisionDate"; Value = "17-Jul-2002"; VariantName = "[No Variations]"
Change component parameters (AddParameter): Name = "LatestRevisionNote"; Value = "Re-released for DXP Platform."; VariantName = "[No Variations]"
Change component parameters (AddParameter): Name = "PackageDescription"; Value = "Polarized Capacitor (Radial); 2 Leads"; VariantName = "[No Variations]"
Change component parameters (AddParameter): Name = "PackageReference"; Value = "RB7.6-15"; VariantName = "[No Variations]"
Change component parameters (AddParameter): Name = "Published"; Value = "8-Jun-2000"; VariantName = "[No Variations]"
Change component parameters (AddParameter): Name = "Publisher"; Value = "Altium Limited"; VariantName = "[No Variations]"
Change component parameters (AddParameter): Name = "Value"; Value = "100pF"; VariantName = "[No Variations]"
Change component parameters: Designator = "C18"; Footprint = "RB7.6-15"; UniqueID = "\CNGQFQES\ENDESIUP"
Change component parameters. Clean all parameters for all variants
Change component parameters (AddParameter): Name = "LatestRevisionDate"; Value = "17-Jul-2002"; VariantName = "[No Variations]"
Change component parameters (AddParameter): Name = "LatestRevisionNote"; Value = "Re-released for DXP Platform."; VariantName = "[No Variations]"
Change component parameters (AddParameter): Name = "PackageDescription"; Value = "Polarized Capacitor (Radial); 2 Leads"; VariantName = "[No Variations]"
Change component parameters (AddParameter): Name = "PackageReference"; Value = "RB7.6-15"; VariantName = "[No Variations]"
Change component parameters (AddParameter): Name = "Published"; Value = "8-Jun-2000"; VariantName = "[No Variations]"
Change component parameters (AddParameter): Name = "Publisher"; Value = "Altium Limited"; VariantName = "[No Variations]"
Change component parameters (AddParameter): Name = "Value"; Value = "100pF"; VariantName = "[No Variations]"
Change component parameters: Designator = "C19"; Footprint = "RB7.6-15"; UniqueID = "\VTJWKLXE\VXGMWWHP"
Change component parameters. Clean all parameters for all variants
Change component parameters (AddParameter): Name = "LatestRevisionDate"; Value = "17-Jul-2002"; VariantName = "[No Variations]"
Change component parameters (AddParameter): Name = "LatestRevisionNote"; Value = "Re-released for DXP Platform."; VariantName = "[No Variations]"
Change component parameters (AddParameter): Name = "PackageDescription"; Value = "Polarized Capacitor (Radial); 2 Leads"; VariantName = "[No Variations]"
Change component parameters (AddParameter): Name = "PackageReference"; Value = "RB7.6-15"; VariantName = "[No Variations]"
Change component parameters (AddParameter): Name = "Published"; Value = "8-Jun-2000"; VariantName = "[No Variations]"
Change component parameters (AddParameter): Name = "Publisher"; Value = "Altium Limited"; VariantName = "[No Variations]"
Change component parameters (AddParameter): Name = "Value"; Value = "100pF"; VariantName = "[No Variations]"
Change component parameters: Designator = "C20"; Footprint = "RB7.6-15"; UniqueID = "\QHYBANRD\WSVADBSU"
Change component parameters. Clean all parameters for all variants
Change component parameters (AddParameter): Name = "LatestRevisionDate"; Value = "17-Jul-2002"; VariantName = "[No Variations]"
Change component parameters (AddParameter): Name = "LatestRevisionNote"; Value = "Re-released for DXP Platform."; VariantName = "[No Variations]"
Change component parameters (AddParameter): Name = "PackageDescription"; Value = "Polarized Capacitor (Radial); 2 Leads"; VariantName = "[No Variations]"
Change component parameters (AddParameter): Name = "PackageReference"; Value = "RB7.6-15"; VariantName = "[No Variations]"
Change component parameters (AddParameter): Name = "Published"; Value = "8-Jun-2000"; VariantName = "[No Variations]"
Change component parameters (AddParameter): Name = "Publisher"; Value = "Altium Limited"; VariantName = "[No Variations]"
Change component parameters (AddParameter): Name = "Value"; Value = "100pF"; VariantName = "[No Variations]"
Change component parameters: Designator = "C22"; Footprint = "RB7.6-15"; UniqueID = "\QHYBANRD\CJDMRYYH"
Change component parameters. Clean all parameters for all variants
Change component parameters (AddParameter): Name = "LatestRevisionDate"; Value = "17-Jul-2002"; VariantName = "[No Variations]"
Change component parameters (AddParameter): Name = "LatestRevisionNote"; Value = "Re-released for DXP Platform."; VariantName = "[No Variations]"
Change component parameters (AddParameter): Name = "PackageDescription"; Value = "Polarized Capacitor (Radial); 2 Leads"; VariantName = "[No Variations]"
Change component parameters (AddParameter): Name = "PackageReference"; Value = "RB7.6-15"; VariantName = "[No Variations]"
Change component parameters (AddParameter): Name = "Published"; Value = "8-Jun-2000"; VariantName = "[No Variations]"
Change component parameters (AddParameter): Name = "Publisher"; Value = "Altium Limited"; VariantName = "[No Variations]"
Change component parameters (AddParameter): Name = "Value"; Value = "100pF"; VariantName = "[No Variations]"
Change component parameters: Designator = "C24"; Footprint = "RB7.6-15"; UniqueID = "\QHYBANRD\KSGTKOJR"
Change component parameters. Clean all parameters for all variants
Change component parameters (AddParameter): Name = "LatestRevisionDate"; Value = "17-Jul-2002"; VariantName = "[No Variations]"
Change component parameters (AddParameter): Name = "LatestRevisionNote"; Value = "Re-released for DXP Platform."; VariantName = "[No Variations]"
Change component parameters (AddParameter): Name = "PackageDescription"; Value = "Polarized Capacitor (Radial); 2 Leads"; VariantName = "[No Variations]"
Change component parameters (AddParameter): Name = "PackageReference"; Value = "RB7.6-15"; VariantName = "[No Variations]"
Change component parameters (AddParameter): Name = "Published"; Value = "8-Jun-2000"; VariantName = "[No Variations]"
Change component parameters (AddParameter): Name = "Publisher"; Value = "Altium Limited"; VariantName = "[No Variations]"
Change component parameters (AddParameter): Name = "Value"; Value = "100pF"; VariantName = "[No Variations]"
Change component parameters: Designator = "C25"; Footprint = "RB7.6-15"; UniqueID = "\QHYBANRD\QCXJCYCK"
Change component parameters. Clean all parameters for all variants
Change component parameters (AddParameter): Name = "LatestRevisionDate"; Value = "17-Jul-2002"; VariantName = "[No Variations]"
Change component parameters (AddParameter): Name = "LatestRevisionNote"; Value = "Re-released for DXP Platform."; VariantName = "[No Variations]"
Change component parameters (AddParameter): Name = "PackageDescription"; Value = "Polarized Capacitor (Radial); 2 Leads"; VariantName = "[No Variations]"
Change component parameters (AddParameter): Name = "PackageReference"; Value = "RB7.6-15"; VariantName = "[No Variations]"
Change component parameters (AddParameter): Name = "Published"; Value = "8-Jun-2000"; VariantName = "[No Variations]"
Change component parameters (AddParameter): Name = "Publisher"; Value = "Altium Limited"; VariantName = "[No Variations]"
Change component parameters (AddParameter): Name = "Value"; Value = "100pF"; VariantName = "[No Variations]"
Change component parameters: Designator = "C26"; Footprint = "RB7.6-15"; UniqueID = "\VTJWKLXE\OIDSWRYQ"
Change component parameters. Clean all parameters for all variants
Change component parameters (AddParameter): Name = "LatestRevisionDate"; Value = "17-Jul-2002"; VariantName = "[No Variations]"
Change component parameters (AddParameter): Name = "LatestRevisionNote"; Value = "Re-released for DXP Platform."; VariantName = "[No Variations]"
Change component parameters (AddParameter): Name = "PackageDescription"; Value = "Polarized Capacitor (Radial); 2 Leads"; VariantName = "[No Variations]"
Change component parameters (AddParameter): Name = "PackageReference"; Value = "RB7.6-15"; VariantName = "[No Variations]"
Change component parameters (AddParameter): Name = "Published"; Value = "8-Jun-2000"; VariantName = "[No Variations]"
Change component parameters (AddParameter): Name = "Publisher"; Value = "Altium Limited"; VariantName = "[No Variations]"
Change component parameters (AddParameter): Name = "Value"; Value = "100pF"; VariantName = "[No Variations]"
Change component parameters: Designator = "C99"; Footprint = "RB7.6-15"; UniqueID = "\QHYBANRD\XXSSRBAP"
Change component parameters. Clean all parameters for all variants
Change component parameters (AddParameter): Name = "LatestRevisionDate"; Value = "17-Jul-2002"; VariantName = "[No Variations]"
Change component parameters (AddParameter): Name = "LatestRevisionNote"; Value = "Re-released for DXP Platform."; VariantName = "[No Variations]"
Change component parameters (AddParameter): Name = "PackageDescription"; Value = "Polarized Capacitor (Radial); 2 Leads"; VariantName = "[No Variations]"
Change component parameters (AddParameter): Name = "PackageReference"; Value = "RB7.6-15"; VariantName = "[No Variations]"
Change component parameters (AddParameter): Name = "Published"; Value = "8-Jun-2000"; VariantName = "[No Variations]"
Change component parameters (AddParameter): Name = "Publisher"; Value = "Altium Limited"; VariantName = "[No Variations]"
Change component parameters (AddParameter): Name = "Value"; Value = "100pF"; VariantName = "[No Variations]"
