Added Parameter Brand=Alpha (Taiwan) to Part R28
Added Parameter Brand=Alpha (Taiwan) to Part R29
Added Parameter Brand=Alpha (Taiwan) to Part R38
Added Parameter Category=Potentiometers to Part R28
Added Parameter Category=Potentiometers to Part R29
Added Parameter Category=Potentiometers to Part R38
Added Parameter ComponentLink1Description= to Part R28
Added Parameter ComponentLink1Description= to Part R29
Added Parameter ComponentLink1Description= to Part R38
Added Parameter ComponentLink1URL= to Part R28
Added Parameter ComponentLink1URL= to Part R29
Added Parameter ComponentLink1URL= to Part R38
Added Parameter Manufacturer=Alpha (Taiwan) to Part R28
Added Parameter Manufacturer=Alpha (Taiwan) to Part R29
Added Parameter Manufacturer=Alpha (Taiwan) to Part R38
Added Parameter Manufacturer Part Number=RV09AF-40-20K-B100K to Part R28
Added Parameter Manufacturer Part Number=RV09AF-40-20K-B100K to Part R29
Added Parameter Manufacturer Part Number=RV09AF-40-20K-B100K to Part R38
Added Parameter Minimum Order Quantity=1 to Part R28
Added Parameter Minimum Order Quantity=1 to Part R29
Added Parameter Minimum Order Quantity=1 to Part R38
Added Parameter Mounting Style=Panel Mount to Part R28
Added Parameter Mounting Style=Panel Mount to Part R29
Added Parameter Mounting Style=Panel Mount to Part R38
Added Parameter Number of Gangs=1 Gang to Part R28
Added Parameter Number of Gangs=1 Gang to Part R29
Added Parameter Number of Gangs=1 Gang to Part R38
Added Parameter Number of Turns=1 Turn to Part R28
Added Parameter Number of Turns=1 Turn to Part R29
Added Parameter Number of Turns=1 Turn to Part R38
Added Parameter Operating Temperature Range=- 10 C to + 70 C to Part R28
Added Parameter Operating Temperature Range=- 10 C to + 70 C to Part R29
Added Parameter Operating Temperature Range=- 10 C to + 70 C to Part R38
Added Parameter Power Rating=100 mW to Part R28
Added Parameter Power Rating=100 mW to Part R29
Added Parameter Power Rating=100 mW to Part R38
Added Parameter Pricing 1=1=1.32, 25=1.11, 50=1.03, 100=0.940, 500=0.790, 1000=0.660, 2500=0.550, 5000=0.500, 10000=0.450 (USD) to Part R28
Added Parameter Pricing 1=1=1.32, 25=1.11, 50=1.03, 100=0.940, 500=0.790, 1000=0.660, 2500=0.550, 5000=0.500, 10000=0.450 (USD) to Part R29
Added Parameter Pricing 1=1=1.32, 25=1.11, 50=1.03, 100=0.940, 500=0.790, 1000=0.660, 2500=0.550, 5000=0.500, 10000=0.450 (USD) to Part R38
Added Parameter Product=Potentiometer to Part R28
Added Parameter Product=Potentiometer to Part R29
Added Parameter Product=Potentiometer to Part R38
Added Parameter Reeling=False to Part R28
Added Parameter Reeling=False to Part R29
Added Parameter Reeling=False to Part R38
Added Parameter Resistance=100 kOhms to Part R28
Added Parameter Resistance=100 kOhms to Part R29
Added Parameter Resistance=100 kOhms to Part R38
Added Parameter RoHS - Mouser=Y to Part R28
Added Parameter RoHS - Mouser=Y to Part R29
Added Parameter RoHS - Mouser=Y to Part R38
Added Parameter RoHS=RoHS Compliant to Part R28
Added Parameter RoHS=RoHS Compliant to Part R29
Added Parameter RoHS=RoHS Compliant to Part R38
Added Parameter Shaft Diameter=6 mm to Part R28
Added Parameter Shaft Diameter=6 mm to Part R29
Added Parameter Shaft Diameter=6 mm to Part R38
Added Parameter Shaft Length=20 mm to Part R28
Added Parameter Shaft Length=20 mm to Part R29
Added Parameter Shaft Length=20 mm to Part R38
Added Parameter Shaft Type=Knurled / Serrated to Part R28
Added Parameter Shaft Type=Knurled / Serrated to Part R29
Added Parameter Shaft Type=Knurled / Serrated to Part R38
Added Parameter Standard Pack Qty=1000 to Part R28
Added Parameter Standard Pack Qty=1000 to Part R29
Added Parameter Standard Pack Qty=1000 to Part R38
Added Parameter Stock 1=13035 to Part R28
Added Parameter Stock 1=13035 to Part R29
Added Parameter Stock 1=13035 to Part R38
Added Parameter Supplier 1=Mouser to Part R28
Added Parameter Supplier 1=Mouser to Part R29
Added Parameter Supplier 1=Mouser to Part R38
Added Parameter Supplier Part Number 1=317-2090F-100K to Part R28
Added Parameter Supplier Part Number 1=317-2090F-100K to Part R29
Added Parameter Supplier Part Number 1=317-2090F-100K to Part R38
Added Parameter Taper=Linear to Part R28
Added Parameter Taper=Linear to Part R29
Added Parameter Taper=Linear to Part R38
Added Parameter Termination Style=Through Hole to Part R28
Added Parameter Termination Style=Through Hole to Part R29
Added Parameter Termination Style=Through Hole to Part R38
Added Parameter Tolerance=20 % to Part R28
Added Parameter Tolerance=20 % to Part R29
Added Parameter Tolerance=20 % to Part R38
Added Parameter Type=Rotary to Part R28
Added Parameter Type=Rotary to Part R29
Added Parameter Type=Rotary to Part R38
Added Parameter Voltage Rating=50 V to Part R28
Added Parameter Voltage Rating=50 V to Part R29
Added Parameter Voltage Rating=50 V to Part R38
