Change Component Parameter Description in R4 Old=Resistor New=Metal Film Resistors - Through Hole 1/4watt 10Kohms 5% Rated to 1/2watt
Change Component Parameter Description in R12 Old=Resistor New=Metal Film Resistors - Through Hole 1/4watt 10Kohms 5% Rated to 1/2watt
Change Component Parameter Description in R17 Old=Resistor New=Metal Film Resistors - Through Hole 1/4watt 10Kohms 5% Rated to 1/2watt
Change Component Parameter Description in R26 Old=Resistor New=Metal Film Resistors - Through Hole 1/4watt 10Kohms 5% Rated to 1/2watt
Change Component Parameter Description in R32 Old=Resistor New=Metal Film Resistors - Through Hole 1/4watt 10Kohms 5% Rated to 1/2watt
Added Parameter Brand=Vishay / Dale to Part R4
Added Parameter Brand=Vishay / Dale to Part R12
Added Parameter Brand=Vishay / Dale to Part R14
Added Parameter Brand=Vishay / Dale to Part R17
Added Parameter Brand=Vishay / Dale to Part R22
Added Parameter Brand=Vishay / Dale to Part R23
Added Parameter Brand=Vishay / Dale to Part R24
Added Parameter Brand=Vishay / Dale to Part R26
Added Parameter Brand=Vishay / Dale to Part R31
Added Parameter Brand=Vishay / Dale to Part R32
Added Parameter Category=Metal Film Resistors - Through Hole to Part R4
Added Parameter Category=Metal Film Resistors - Through Hole to Part R12
Added Parameter Category=Metal Film Resistors - Through Hole to Part R14
Added Parameter Category=Metal Film Resistors - Through Hole to Part R17
Added Parameter Category=Metal Film Resistors - Through Hole to Part R22
Added Parameter Category=Metal Film Resistors - Through Hole to Part R23
Added Parameter Category=Metal Film Resistors - Through Hole to Part R24
Added Parameter Category=Metal Film Resistors - Through Hole to Part R26
Added Parameter Category=Metal Film Resistors - Through Hole to Part R31
Added Parameter Category=Metal Film Resistors - Through Hole to Part R32
Added Parameter ComponentLink1Description=http://www.mouser.com/ds/2/427/ccf07-239748.pdf to Part R4
Added Parameter ComponentLink1Description=http://www.mouser.com/ds/2/427/ccf07-239748.pdf to Part R12
Added Parameter ComponentLink1Description=http://www.mouser.com/ds/2/427/ccf07-239748.pdf to Part R17
Added Parameter ComponentLink1Description=http://www.mouser.com/ds/2/427/ccf07-239748.pdf to Part R22
Added Parameter ComponentLink1Description=http://www.mouser.com/ds/2/427/ccf07-239748.pdf to Part R23
Added Parameter ComponentLink1Description=http://www.mouser.com/ds/2/427/ccf07-239748.pdf to Part R26
Added Parameter ComponentLink1Description=http://www.mouser.com/ds/2/427/ccf07-239748.pdf to Part R32
Added Parameter ComponentLink1Description=http://www.mouser.com/ds/2/427/cmfind-239942.pdf to Part R14
Added Parameter ComponentLink1Description=http://www.mouser.com/ds/2/427/cmfind-239942.pdf to Part R24
Added Parameter ComponentLink1Description=http://www.mouser.com/ds/2/427/cmfind-239942.pdf to Part R31
Added Parameter ComponentLink1URL=http://www.mouser.com/ds/2/427/ccf07-239748.pdf to Part R4
Added Parameter ComponentLink1URL=http://www.mouser.com/ds/2/427/ccf07-239748.pdf to Part R12
Added Parameter ComponentLink1URL=http://www.mouser.com/ds/2/427/ccf07-239748.pdf to Part R17
Added Parameter ComponentLink1URL=http://www.mouser.com/ds/2/427/ccf07-239748.pdf to Part R22
Added Parameter ComponentLink1URL=http://www.mouser.com/ds/2/427/ccf07-239748.pdf to Part R23
Added Parameter ComponentLink1URL=http://www.mouser.com/ds/2/427/ccf07-239748.pdf to Part R26
Added Parameter ComponentLink1URL=http://www.mouser.com/ds/2/427/ccf07-239748.pdf to Part R32
Added Parameter ComponentLink1URL=http://www.mouser.com/ds/2/427/cmfind-239942.pdf to Part R14
Added Parameter ComponentLink1URL=http://www.mouser.com/ds/2/427/cmfind-239942.pdf to Part R24
Added Parameter ComponentLink1URL=http://www.mouser.com/ds/2/427/cmfind-239942.pdf to Part R31
Added Parameter Diameter=2.29 mm to Part R4
Added Parameter Diameter=2.29 mm to Part R12
Added Parameter Diameter=2.29 mm to Part R14
Added Parameter Diameter=2.29 mm to Part R17
Added Parameter Diameter=2.29 mm to Part R22
Added Parameter Diameter=2.29 mm to Part R23
Added Parameter Diameter=2.29 mm to Part R24
Added Parameter Diameter=2.29 mm to Part R26
Added Parameter Diameter=2.29 mm to Part R31
Added Parameter Diameter=2.29 mm to Part R32
Added Parameter Lead Diameter=0.6 mm to Part R4
Added Parameter Lead Diameter=0.6 mm to Part R12
Added Parameter Lead Diameter=0.6 mm to Part R17
Added Parameter Lead Diameter=0.6 mm to Part R22
Added Parameter Lead Diameter=0.6 mm to Part R23
Added Parameter Lead Diameter=0.6 mm to Part R26
Added Parameter Lead Diameter=0.6 mm to Part R32
Added Parameter Lead Diameter=0.64 mm to Part R14
Added Parameter Lead Diameter=0.64 mm to Part R24
Added Parameter Lead Diameter=0.64 mm to Part R31
Added Parameter Length=6.1 mm to Part R14
Added Parameter Length=6.1 mm to Part R24
Added Parameter Length=6.1 mm to Part R31
Added Parameter Length=6.22 mm to Part R4
Added Parameter Length=6.22 mm to Part R12
Added Parameter Length=6.22 mm to Part R17
Added Parameter Length=6.22 mm to Part R22
Added Parameter Length=6.22 mm to Part R23
Added Parameter Length=6.22 mm to Part R26
Added Parameter Length=6.22 mm to Part R32
Added Parameter Manufacturer=Vishay / Dale to Part R4
Added Parameter Manufacturer=Vishay / Dale to Part R12
Added Parameter Manufacturer=Vishay / Dale to Part R14
Added Parameter Manufacturer=Vishay / Dale to Part R17
Added Parameter Manufacturer=Vishay / Dale to Part R22
Added Parameter Manufacturer=Vishay / Dale to Part R23
Added Parameter Manufacturer=Vishay / Dale to Part R24
Added Parameter Manufacturer=Vishay / Dale to Part R26
Added Parameter Manufacturer=Vishay / Dale to Part R31
Added Parameter Manufacturer=Vishay / Dale to Part R32
Added Parameter Manufacturer Part Number=CCF074K70JKE36 to Part R22
Added Parameter Manufacturer Part Number=CCF074K70JKE36 to Part R23
Added Parameter Manufacturer Part Number=CCF0710K0JKE36 to Part R4
Added Parameter Manufacturer Part Number=CCF0710K0JKE36 to Part R12
Added Parameter Manufacturer Part Number=CCF0710K0JKE36 to Part R17
Added Parameter Manufacturer Part Number=CCF0710K0JKE36 to Part R26
Added Parameter Manufacturer Part Number=CCF0710K0JKE36 to Part R32
Added Parameter Manufacturer Part Number=CMF55100K00FHEK to Part R14
Added Parameter Manufacturer Part Number=CMF55100K00FHEK to Part R24
Added Parameter Manufacturer Part Number=CMF55100K00FHEK to Part R31
Added Parameter Minimum Order Quantity=1 to Part R4
Added Parameter Minimum Order Quantity=1 to Part R12
Added Parameter Minimum Order Quantity=1 to Part R14
Added Parameter Minimum Order Quantity=1 to Part R17
Added Parameter Minimum Order Quantity=1 to Part R22
Added Parameter Minimum Order Quantity=1 to Part R23
Added Parameter Minimum Order Quantity=1 to Part R24
Added Parameter Minimum Order Quantity=1 to Part R26
Added Parameter Minimum Order Quantity=1 to Part R31
Added Parameter Minimum Order Quantity=1 to Part R32
Added Parameter Operating Temperature Range=- 55 C to + 175 C to Part R14
Added Parameter Operating Temperature Range=- 55 C to + 175 C to Part R24
Added Parameter Operating Temperature Range=- 55 C to + 175 C to Part R31
Added Parameter Operating Temperature Range=- 65 C to + 150 C to Part R4
Added Parameter Operating Temperature Range=- 65 C to + 150 C to Part R12
Added Parameter Operating Temperature Range=- 65 C to + 150 C to Part R17
Added Parameter Operating Temperature Range=- 65 C to + 150 C to Part R22
Added Parameter Operating Temperature Range=- 65 C to + 150 C to Part R23
Added Parameter Operating Temperature Range=- 65 C to + 150 C to Part R26
Added Parameter Operating Temperature Range=- 65 C to + 150 C to Part R32
Added Parameter Packaging=Bulk to Part R14
Added Parameter Packaging=Bulk to Part R24
Added Parameter Packaging=Bulk to Part R31
Added Parameter Packaging=Reel to Part R4
Added Parameter Packaging=Reel to Part R12
Added Parameter Packaging=Reel to Part R17
Added Parameter Packaging=Reel to Part R22
Added Parameter Packaging=Reel to Part R23
Added Parameter Packaging=Reel to Part R26
Added Parameter Packaging=Reel to Part R32
Added Parameter Power Rating=250 mW (1/4 W), 500 mW (1/2 W) to Part R4
Added Parameter Power Rating=250 mW (1/4 W), 500 mW (1/2 W) to Part R12
Added Parameter Power Rating=250 mW (1/4 W), 500 mW (1/2 W) to Part R17
Added Parameter Power Rating=250 mW (1/4 W), 500 mW (1/2 W) to Part R22
Added Parameter Power Rating=250 mW (1/4 W), 500 mW (1/2 W) to Part R23
Added Parameter Power Rating=250 mW (1/4 W), 500 mW (1/2 W) to Part R26
Added Parameter Power Rating=250 mW (1/4 W), 500 mW (1/2 W) to Part R32
Added Parameter Power Rating=500 mW (1/2 W) to Part R14
Added Parameter Power Rating=500 mW (1/2 W) to Part R24
Added Parameter Power Rating=500 mW (1/2 W) to Part R31
Added Parameter Pricing 1=1=0.100, 100=0.037, 1000=0.033, 2000=0.030, 5000=0.026, 10000=0.020, 25000=0.015, 50000=0.013, 100000=0.012 (USD) to Part R4
Added Parameter Pricing 1=1=0.100, 100=0.037, 1000=0.033, 2000=0.030, 5000=0.026, 10000=0.020, 25000=0.015, 50000=0.013, 100000=0.012 (USD) to Part R12
Added Parameter Pricing 1=1=0.100, 100=0.037, 1000=0.033, 2000=0.030, 5000=0.026, 10000=0.020, 25000=0.015, 50000=0.013, 100000=0.012 (USD) to Part R17
Added Parameter Pricing 1=1=0.100, 100=0.037, 1000=0.033, 2000=0.030, 5000=0.026, 10000=0.020, 25000=0.015, 50000=0.013, 100000=0.012 (USD) to Part R26
Added Parameter Pricing 1=1=0.100, 100=0.037, 1000=0.033, 2000=0.030, 5000=0.026, 10000=0.020, 25000=0.015, 50000=0.013, 100000=0.012 (USD) to Part R32
Added Parameter Pricing 1=1=0.100, 100=0.040, 1000=0.030, 2000=0.027, 5000=0.025, 10000=0.022, 25000=0.020, 50000=0.018, 100000=0.016 (USD) to Part R22
Added Parameter Pricing 1=1=0.100, 100=0.040, 1000=0.030, 2000=0.027, 5000=0.025, 10000=0.022, 25000=0.020, 50000=0.018, 100000=0.016 (USD) to Part R23
Added Parameter Pricing 1=1=0.230, 25=0.181, 100=0.132, 500=0.115, 1000=0.099, 2000=0.092, 5000=0.087, 10000=0.082, 25000=0.072 (USD) to Part R14
Added Parameter Pricing 1=1=0.230, 25=0.181, 100=0.132, 500=0.115, 1000=0.099, 2000=0.092, 5000=0.087, 10000=0.082, 25000=0.072 (USD) to Part R24
Added Parameter Pricing 1=1=0.230, 25=0.181, 100=0.132, 500=0.115, 1000=0.099, 2000=0.092, 5000=0.087, 10000=0.082, 25000=0.072 (USD) to Part R31
Added Parameter Product=Metal Film Resistors - Through Hole to Part R4
Added Parameter Product=Metal Film Resistors - Through Hole to Part R12
Added Parameter Product=Metal Film Resistors - Through Hole to Part R17
Added Parameter Product=Metal Film Resistors - Through Hole to Part R22
Added Parameter Product=Metal Film Resistors - Through Hole to Part R23
Added Parameter Product=Metal Film Resistors - Through Hole to Part R26
Added Parameter Product=Metal Film Resistors - Through Hole to Part R32
Added Parameter Product=Metal Film Resistors Controlled Temp Coefficient to Part R14
Added Parameter Product=Metal Film Resistors Controlled Temp Coefficient to Part R24
Added Parameter Product=Metal Film Resistors Controlled Temp Coefficient to Part R31
Added Parameter Reeling=False to Part R14
Added Parameter Reeling=False to Part R24
Added Parameter Reeling=False to Part R31
Added Parameter Reeling=True to Part R4
Added Parameter Reeling=True to Part R12
Added Parameter Reeling=True to Part R17
Added Parameter Reeling=True to Part R22
Added Parameter Reeling=True to Part R23
Added Parameter Reeling=True to Part R26
Added Parameter Reeling=True to Part R32
Added Parameter Resistance=4.7 kOhms to Part R22
Added Parameter Resistance=4.7 kOhms to Part R23
Added Parameter Resistance=10 kOhms to Part R4
Added Parameter Resistance=10 kOhms to Part R12
Added Parameter Resistance=10 kOhms to Part R17
Added Parameter Resistance=10 kOhms to Part R26
Added Parameter Resistance=10 kOhms to Part R32
Added Parameter Resistance=100 kOhms to Part R14
Added Parameter Resistance=100 kOhms to Part R24
Added Parameter Resistance=100 kOhms to Part R31
Added Parameter RoHS - Mouser=Y to Part R4
Added Parameter RoHS - Mouser=Y to Part R12
Added Parameter RoHS - Mouser=Y to Part R14
Added Parameter RoHS - Mouser=Y to Part R17
Added Parameter RoHS - Mouser=Y to Part R22
Added Parameter RoHS - Mouser=Y to Part R23
Added Parameter RoHS - Mouser=Y to Part R24
Added Parameter RoHS - Mouser=Y to Part R26
Added Parameter RoHS - Mouser=Y to Part R31
Added Parameter RoHS - Mouser=Y to Part R32
Added Parameter RoHS=RoHS Compliant to Part R4
Added Parameter RoHS=RoHS Compliant to Part R12
Added Parameter RoHS=RoHS Compliant to Part R14
Added Parameter RoHS=RoHS Compliant to Part R17
Added Parameter RoHS=RoHS Compliant to Part R22
Added Parameter RoHS=RoHS Compliant to Part R23
Added Parameter RoHS=RoHS Compliant to Part R24
Added Parameter RoHS=RoHS Compliant to Part R26
Added Parameter RoHS=RoHS Compliant to Part R31
Added Parameter RoHS=RoHS Compliant to Part R32
Added Parameter Series=CCF07 to Part R4
Added Parameter Series=CCF07 to Part R12
Added Parameter Series=CCF07 to Part R17
Added Parameter Series=CCF07 to Part R22
Added Parameter Series=CCF07 to Part R23
Added Parameter Series=CCF07 to Part R26
Added Parameter Series=CCF07 to Part R32
Added Parameter Series=CMF Industrial to Part R14
Added Parameter Series=CMF Industrial to Part R24
Added Parameter Series=CMF Industrial to Part R31
Added Parameter Standard Pack Qty=100 to Part R14
Added Parameter Standard Pack Qty=100 to Part R24
Added Parameter Standard Pack Qty=100 to Part R31
Added Parameter Standard Pack Qty=5000 to Part R4
Added Parameter Standard Pack Qty=5000 to Part R12
Added Parameter Standard Pack Qty=5000 to Part R17
Added Parameter Standard Pack Qty=5000 to Part R22
Added Parameter Standard Pack Qty=5000 to Part R23
Added Parameter Standard Pack Qty=5000 to Part R26
Added Parameter Standard Pack Qty=5000 to Part R32
Added Parameter Stock 1=4041 to Part R14
Added Parameter Stock 1=4041 to Part R24
Added Parameter Stock 1=4041 to Part R31
Added Parameter Stock 1=32326 to Part R22
Added Parameter Stock 1=32326 to Part R23
Added Parameter Stock 1=48658 to Part R4
Added Parameter Stock 1=48658 to Part R12
Added Parameter Stock 1=48658 to Part R17
Added Parameter Stock 1=48658 to Part R26
Added Parameter Stock 1=48658 to Part R32
Added Parameter Supplier 1=Mouser to Part R4
Added Parameter Supplier 1=Mouser to Part R12
Added Parameter Supplier 1=Mouser to Part R14
Added Parameter Supplier 1=Mouser to Part R17
Added Parameter Supplier 1=Mouser to Part R22
Added Parameter Supplier 1=Mouser to Part R23
Added Parameter Supplier 1=Mouser to Part R24
Added Parameter Supplier 1=Mouser to Part R26
Added Parameter Supplier 1=Mouser to Part R31
Added Parameter Supplier 1=Mouser to Part R32
Added Parameter Supplier Part Number 1=71-CCF07-J-4.7K-E3 to Part R22
Added Parameter Supplier Part Number 1=71-CCF07-J-4.7K-E3 to Part R23
Added Parameter Supplier Part Number 1=71-CCF0710K0JKE36 to Part R4
Added Parameter Supplier Part Number 1=71-CCF0710K0JKE36 to Part R12
Added Parameter Supplier Part Number 1=71-CCF0710K0JKE36 to Part R17
Added Parameter Supplier Part Number 1=71-CCF0710K0JKE36 to Part R26
Added Parameter Supplier Part Number 1=71-CCF0710K0JKE36 to Part R32
Added Parameter Supplier Part Number 1=71-CMF55100K00FHEK to Part R14
Added Parameter Supplier Part Number 1=71-CMF55100K00FHEK to Part R24
Added Parameter Supplier Part Number 1=71-CMF55100K00FHEK to Part R31
Added Parameter Temperature Coefficient=50 PPM / C to Part R14
Added Parameter Temperature Coefficient=50 PPM / C to Part R24
Added Parameter Temperature Coefficient=50 PPM / C to Part R31
Added Parameter Temperature Coefficient=100 PPM / K to Part R4
Added Parameter Temperature Coefficient=100 PPM / K to Part R12
Added Parameter Temperature Coefficient=100 PPM / K to Part R17
Added Parameter Temperature Coefficient=100 PPM / K to Part R22
Added Parameter Temperature Coefficient=100 PPM / K to Part R23
Added Parameter Temperature Coefficient=100 PPM / K to Part R26
Added Parameter Temperature Coefficient=100 PPM / K to Part R32
Added Parameter Termination Style=Axial to Part R4
Added Parameter Termination Style=Axial to Part R12
Added Parameter Termination Style=Axial to Part R14
Added Parameter Termination Style=Axial to Part R17
Added Parameter Termination Style=Axial to Part R22
Added Parameter Termination Style=Axial to Part R23
Added Parameter Termination Style=Axial to Part R24
Added Parameter Termination Style=Axial to Part R26
Added Parameter Termination Style=Axial to Part R31
Added Parameter Termination Style=Axial to Part R32
Added Parameter Tolerance=1 % to Part R14
Added Parameter Tolerance=1 % to Part R24
Added Parameter Tolerance=1 % to Part R31
Added Parameter Tolerance=5 % to Part R4
Added Parameter Tolerance=5 % to Part R12
Added Parameter Tolerance=5 % to Part R17
Added Parameter Tolerance=5 % to Part R22
Added Parameter Tolerance=5 % to Part R23
Added Parameter Tolerance=5 % to Part R26
Added Parameter Tolerance=5 % to Part R32
Added Parameter Type=Metal Film Resistors, Industrial, Precision to Part R14
Added Parameter Type=Metal Film Resistors, Industrial, Precision to Part R24
Added Parameter Type=Metal Film Resistors, Industrial, Precision to Part R31
Added Parameter Type=Metal Film Resistors, Industrial to Part R4
Added Parameter Type=Metal Film Resistors, Industrial to Part R12
Added Parameter Type=Metal Film Resistors, Industrial to Part R17
Added Parameter Type=Metal Film Resistors, Industrial to Part R22
Added Parameter Type=Metal Film Resistors, Industrial to Part R23
Added Parameter Type=Metal Film Resistors, Industrial to Part R26
Added Parameter Type=Metal Film Resistors, Industrial to Part R32
Added Parameter Voltage Rating=250 V to Part R4
Added Parameter Voltage Rating=250 V to Part R12
Added Parameter Voltage Rating=250 V to Part R14
Added Parameter Voltage Rating=250 V to Part R17
Added Parameter Voltage Rating=250 V to Part R22
Added Parameter Voltage Rating=250 V to Part R23
Added Parameter Voltage Rating=250 V to Part R24
Added Parameter Voltage Rating=250 V to Part R26
Added Parameter Voltage Rating=250 V to Part R31
Added Parameter Voltage Rating=250 V to Part R32
