Added Parameter Brand=Vishay / Dale to Part R8
Added Parameter Category=Metal Film Resistors - Through Hole to Part R8
Added Parameter ComponentLink1Description=http://www.mouser.com/ds/2/427/cmfind-239942.pdf to Part R8
Added Parameter ComponentLink1URL=http://www.mouser.com/ds/2/427/cmfind-239942.pdf to Part R8
Added Parameter Diameter=2.29 mm to Part R8
Added Parameter Lead Diameter=0.64 mm to Part R8
Added Parameter Length=6.1 mm to Part R8
Added Parameter Manufacturer=Vishay / Dale to Part R8
Added Parameter Manufacturer Part Number=CMF551M0000FKEB to Part R8
Added Parameter Minimum Order Quantity=1 to Part R8
Added Parameter Operating Temperature Range=- 55 C to + 175 C to Part R8
Added Parameter Packaging=Reel to Part R8
Added Parameter Power Rating=500 mW (1/2 W) to Part R8
Added Parameter Pricing 1=1=0.310, 50=0.232, 100=0.146, 500=0.125, 1000=0.087, 2000=0.081, 5000=0.073, 10000=0.072, 25000=0.069 (USD) to Part R8
Added Parameter Product=Metal Film Resistors Controlled Temp Coefficient to Part R8
Added Parameter Reeling=True to Part R8
Added Parameter Resistance=1 MOhms to Part R8
Added Parameter RoHS - Mouser=Y to Part R8
Added Parameter RoHS=RoHS Compliant to Part R8
Added Parameter Series=CMF Industrial to Part R8
Added Parameter Standard Pack Qty=1000 to Part R8
Added Parameter Stock 1=2620 to Part R8
Added Parameter Supplier 1=Mouser to Part R8
Added Parameter Supplier Part Number 1=71-CMF551M0000FKEB to Part R8
Added Parameter Temperature Coefficient=100 PPM / C to Part R8
Added Parameter Termination Style=Axial to Part R8
Added Parameter Tolerance=1 % to Part R8
Added Parameter Type=Metal Film Resistors, Industrial, Precision to Part R8
Added Parameter Voltage Rating=250 V to Part R8
